<?xml version="1.0" encoding="UTF-8"?>
<!-- Generated by org.testng.reporters.JUnitReportReporter -->
<testsuite hostname="DESKTOP-4FG52A2" failures="0" tests="13" name="etherscandemo.main" time="131.492" errors="0" timestamp="2023-03-30T14:07:32 CEST" skipped="0">
  <testcase classname="etherscandemo.main" name="invalidEmail" time="3.572"/>
  <system-out/>
  <testcase classname="etherscandemo.main" name="fullLogin" time="34.198"/>
  <system-out/>
  <testcase classname="etherscandemo.main" name="nonAlphanumericUsername" time="3.452"/>
  <system-out/>
  <testcase classname="etherscandemo.main" name="validEmail" time="3.415"/>
  <system-out/>
  <testcase classname="etherscandemo.main" name="validUsername" time="3.410"/>
  <system-out/>
  <testcase classname="etherscandemo.main" name="invalidEmailWithConfirmation" time="3.742"/>
  <system-out/>
  <testcase classname="etherscandemo.main" name="fullLoginFalseEmail" time="29.306"/>
  <system-out/>
  <testcase classname="etherscandemo.main" name="shortUsername" time="3.437"/>
  <system-out/>
  <testcase classname="etherscandemo.main" name="fullLoginWithoutCaptcha" time="4.807"/>
  <system-out/>
  <testcase classname="etherscandemo.main" name="registrationWithExistingUsername" time="31.598"/>
  <system-out/>
  <testcase classname="etherscandemo.main" name="emptyClick" time="3.498"/>
  <system-out/>
  <testcase classname="etherscandemo.main" name="shortPassword" time="3.502"/>
  <system-out/>
  <testcase classname="etherscandemo.main" name="wrongPasswordConfirmation" time="3.555"/>
  <system-out/>
</testsuite> <!-- etherscandemo.main -->
