<?xml version="1.0" encoding="UTF-8"?>
<!-- Generated by org.testng.reporters.JUnitReportReporter -->
<testsuite hostname="DESKTOP-4FG52A2" failures="0" tests="13" name="etherscandemo.main" time="131.836" errors="0" timestamp="2023-03-31T11:32:38 CEST" skipped="0">
  <testcase classname="etherscandemo.main" name="invalidEmailWithConfirmation" time="6.160"/>
  <system-out/>
  <testcase classname="etherscandemo.main" name="fullLogin" time="31.016"/>
  <system-out/>
  <testcase classname="etherscandemo.main" name="fullLoginFalseEmail" time="30.232"/>
  <system-out/>
  <testcase classname="etherscandemo.main" name="validEmail" time="3.064"/>
  <system-out/>
  <testcase classname="etherscandemo.main" name="fullLoginWithoutCaptcha" time="5.223"/>
  <system-out/>
  <testcase classname="etherscandemo.main" name="shortPassword" time="3.334"/>
  <system-out/>
  <testcase classname="etherscandemo.main" name="invalidEmail" time="3.662"/>
  <system-out/>
  <testcase classname="etherscandemo.main" name="nonAlphanumericUsername" time="3.282"/>
  <system-out/>
  <testcase classname="etherscandemo.main" name="shortUsername" time="2.979"/>
  <system-out/>
  <testcase classname="etherscandemo.main" name="emptyClick" time="4.060"/>
  <system-out/>
  <testcase classname="etherscandemo.main" name="wrongPasswordConfirmation" time="3.365"/>
  <system-out/>
  <testcase classname="etherscandemo.main" name="registrationWithExistingUsername" time="31.365"/>
  <system-out/>
  <testcase classname="etherscandemo.main" name="validUsername" time="4.094"/>
  <system-out/>
</testsuite> <!-- etherscandemo.main -->
