<?xml version="1.0" encoding="UTF-8"?>
<!-- Generated by org.testng.reporters.JUnitReportReporter -->
<testsuite hostname="DESKTOP-4FG52A2" failures="0" tests="5" name="etherscandemo.main" time="20.634" errors="0" timestamp="2023-03-26T17:51:38 CEST" skipped="0">
  <testcase classname="etherscandemo.main" name="validUsername" time="5.712"/>
  <system-out/>
  <testcase classname="etherscandemo.main" name="validEmail" time="3.250"/>
  <system-out/>
  <testcase classname="etherscandemo.main" name="invalidEmail" time="3.755"/>
  <system-out/>
  <testcase classname="etherscandemo.main" name="emptyClick" time="4.970"/>
  <system-out/>
  <testcase classname="etherscandemo.main" name="invalidUsername" time="2.947"/>
  <system-out/>
</testsuite> <!-- etherscandemo.main -->
