<?xml version="1.0" encoding="UTF-8"?>
<!-- Generated by org.testng.reporters.JUnitReportReporter -->
<testsuite hostname="DESKTOP-4FG52A2" failures="0" tests="1" name="etherscandemo.main" time="5.951" errors="0" timestamp="2023-03-27T17:26:45 CEST" skipped="0">
  <testcase classname="etherscandemo.main" name="fullLogin" time="5.951"/>
  <system-out/>
</testsuite> <!-- etherscandemo.main -->
